localfile： ['001博时量化平衡混合型证券投资基金更新招募说明书2017年第1号（正文）.docx']
downloadfile： ['001博时量化平衡混合型证券投资基金招募说明书-更新版.docx']
==============================第1次对比： 开始==============================
********************第1章节比对：开始********************
Error: 第1段，两者的行数不一致，无法进行对比，请查看...
 local:12
['1、本基金经中国证监会{%approveddate%} {%lotnumber%}准予注册募集。', '2、基金管理人保证招募说明书的内容真实、准确、完整。本招募说明书经中国证监会注册，但中国证监会对本基金募集的注册，并不表明其对本基金的投资价值和市场前景作出实质性判断或保证，也不表明投资于本基金没有风险。中国证监会不对基金的投资价值及市场前景等作出实质性判断或者保证。', '3、投资有风险，投资者认购（或申购）基金份额时应认真阅读基金合同、本招募说明书等信息披露文件，自主判断基金的投资价值，全面认识本基金产品的风险收益特征，应充分考虑投资者自身的风险承受能力，并对认购（或申购）基金的意愿、时机、数量等投资行为作出独立决策。基金管理人提醒投资者基金投资的“买者自负”原则，在投资者作出投资决策后，基金运营状况与基金净值变化导致的投资风险，由投资者自行负担。', '4、本基金投资于证券市场，基金净值会因为证券市场波动等因素产生波动，投资者在投资本基金前，应全面了解本基金的产品特性，理性判断市场，并承担基金投资中出现的各类风险，包括：因政治、经济、社会等环境因素对证券价格产生影响而形成的系统性风险、个别证券特有的非系统性风险、基金管理人在基金管理实施过程中产生的基金管理风险、本基金的特定风险等等。', '5、本基金是混合型证券投资基金，其预期收益和预期风险水平高于债券型基金产品和货币市场基金，低于股票型基金，属于中高预期风险、中高预期收益的基金产品。', '6、本基金投资于依法发行或上市的股票（包含中小板、创业板及其他经中国证监会核准上市的股票）、权证、股指期货、债券（国债、金融债、企业债、公司债、次级债、可转换债券（含分离交易可转债）、央行票据、短期融资券、超短期融资券、中期票据等）、资产支持证券、同业存单、债券回购、银行存款、国债期货以及现金，以及法律法规或中国证监会允许基金投资的其他金融工具(但须符合中国证监会的相关规定)。', '7、本基金的投资组合比例为: 股票投资比例为基金资产的0％-40％；权证投资比例为基金资产净值的0-3%；每个交易日日终，在扣除股指期货和国债期货合约需缴纳的交易保证金后，应当保持不低于基金资产净值5%的现金或到期日在一年以内的政府债券。', '8、本基金初始募集面值为人民币{%facevalue%}元。在市场波动因素影响下，本基金净值可能低于初始面值，本基金投资者有可能出现亏损。', '9、基金的过往业绩并不预示其未来表现，基金管理人管理的其他基金的业绩也不构成对本基金业绩表现的保证。', '10、基金管理人依照恪尽职守、诚实信用、谨慎勤勉的原则管理和运用基金财产，但不保证基金一定盈利，也不保证最低收益。', '11、本招募说明书（更新）所载内容截止日为2017年11月4日，有关财务数据和净值表现截止日为2017年9月30日（财务数据未经审计）。', '目录']
 download:13
['1、本基金经中国证监会2016年12月08日\xa0\xa0\xa0准予注册募集。', '2、基金管理人保证招募说明书的内容真实、准确、完整。本招募说明书经中国证监会注册，但中国证监会对本基金募集的注册，并不表明其对本基金的投资价值和市场前景作出实质性判断或保证，也不表明投资于本基金没有风险。中国证监会不对基金的投资价值及市场前景等作出实质性判断或者保证。', '3、投资有风险，投资者认购（或申购）基金份额时应认真阅读基金合同、本招募说明书等信息披露文件，自主判断基金的投资价值，全面认识本基金产品的风险收益特征，应充分考虑投资者自身的风险承受能力，并对认购（或申购）基金的意愿、时机、数量等投资行为作出独立决策。基金管理人提醒投资者基金投资的“买者自负”原则，在投资者作出投资决策后，基金运营状况与基金净值变化导致的投资风险，由投资者自行负担。', '4、本基金投资于证券市场，基金净值会因为证券市场波动等因素产生波动，投资者在投资本基金前，应全面了解本基金的产品特性，理性判断市场，并承担基金投资中出现的各类风险，包括：因政治、经济、社会等环境因素对证券价格产生影响而形成的系统性风险、个别证券特有的非系统性风险、基金管理人在基金管理实施过程中产生的基金管理风险、本基金的特定风险等等。', '5、本基金是混合型证券投资基金，其预期收益和预期风险水平高于债券型基金产品和货币市场基金，低于股票型基金，属于中高预期风险、中高预期收益的基金产品。', '6、本基金投资于依法发行或上市的股票（包含中小板、创业板及其他经中国证监会核准上市的股票）、权证、股指期货、债券（国债、金融债、企业债、公司债、次级债、可转换债券（含分离交易可转债）、央行票据、短期融资券、超短期融资券、中期票据等）、资产支持证券、同业存单、债券回购、银行存款、国债期货以及现金，以及法律法规或中国证监会允许基金投资的其他金融工具(但须符合中国证监会的相关规定)。', '7、本基金的投资组合比例为:\xa0股票投资比例为基金资产的0％-40％；权证投资比例为基金资产净值的0-3%；每个交易日日终，在扣除股指期货和国债期货合约需缴纳的交易保证金后，应当保持不低于基金资产净值5%的现金或到期日在一年以内的政府债券。', '8、本基金初始募集面值为人民币1元。在市场波动因素影响下，本基金净值可能低于初始面值，本基金投资者有可能出现亏损。', '9、基金的过往业绩并不预示其未来表现，基金管理人管理的其他基金的业绩也不构成对本基金业绩表现的保证。', '10、基金管理人依照恪尽职守、诚实信用、谨慎勤勉的原则管理和运用基金财产，但不保证基金一定盈利，也不保证最低收益。', '11、本招募说明书（更新）所载内容截止日为2017年11月4日，有关财务数据和净值表现截止日为2017年9月30日（财务数据未经审计）。', '目录', '本招募说明书（更新）所载内容截止日2017年11月04日，有关财务数据和净值表现截止日为2017年09月30日（财务数据未经审计）。']
********************第1章节比对：结束********************
********************第2章节比对：开始********************
**********第1段，每一行对比: start**********
第1行，两者数据不一致，请检查下...
 local:
《{%productfullname%}招募说明书》（以下简称“招募说明书”或“本招募说明书”）依照《中华人民共和国证券投资基金法》（以下简称“《基金法》”）、《公开募集证券投资基金运作管理办法》（以下简称“《运作办法》”）、《证券投资基金销售管理办法》（以下简称“《销售办法》”）、《证券投资基金信息披露管理办法》（以下简称“《信息披露办法》”）和其他有关法律法规以及《{%productfullname%}基金合同》（以下简称“基金合同”）编写。
 download:
《博时量化平衡混合型证券投资基金招募说明书》（以下简称“招募说明书”或“本招募说明书”）依照《中华人民共和国证券投资基金法》（以下简称“《基金法》”）、《公开募集证券投资基金运作管理办法》（以下简称“《运作办法》”）、《证券投资基金销售管理办法》（以下简称“《销售办法》”）、《证券投资基金信息披露管理办法》（以下简称“《信息披露办法》”）和其他有关法律法规以及《博时量化平衡混合型证券投资基金基金合同》（以下简称“基金合同”）编写。
第2行，两者数据不一致，请检查下...
 local:
本招募说明书阐述了{%productfullname%}的投资目标、策略、风险、费率等与投资人投资决策有关的必要事项，投资人在作出投资决策前应仔细阅读本招募说明书。
 download:
本招募说明书阐述了博时量化平衡混合型证券投资基金的投资目标、策略、风险、费率等与投资人投资决策有关的必要事项，投资人在作出投资决策前应仔细阅读本招募说明书。
第4行，两者数据不一致，请检查下...
 local:
{%productfullname%}（以下简称“基金”或“本基金”）是根据本招募说明书所载明的资料申请募集的。本基金管理人没有委托或授权任何其他人提供未在本招募说明书中载明的信息，或对本招募说明书作任何解释或者说明。
 download:
博时量化平衡混合型证券投资基金（以下简称“基金”或“本基金”）是根据本招募说明书所载明的资料申请募集的。本基金管理人没有委托或授权任何其他人提供未在本招募说明书中载明的信息，或对本招募说明书作任何解释或者说明。
**********第1段，每一行对比: end**********
********************第2章节比对：结束********************
********************第3章节比对：开始********************
**********第1段，每一行对比: start**********
第2行，两者数据不一致，请检查下...
 local:
1、基金或本基金：指{%productfullname%}
 download:
1、基金或本基金：指博时量化平衡混合型证券投资基金
第3行，两者数据不一致，请检查下...
 local:
2、基金管理人：指{%managerorgfullname%}
 download:
2、基金管理人：指博时基金管理有限公司
第4行，两者数据不一致，请检查下...
 local:
3、基金托管人：指{%trustorgfullname%}
 download:
3、基金托管人：指中国工商银行股份有限公司
第5行，两者数据不一致，请检查下...
 local:
4、基金合同：指《{%productfullname%}基金合同》及对基金合同的任何有效修订和补充
 download:
4、基金合同：指《博时量化平衡混合型证券投资基金基金合同》及对基金合同的任何有效修订和补充
第6行，两者数据不一致，请检查下...
 local:
5、托管协议：指基金管理人与基金托管人就本基金签订之《{%productfullname%}托管协议》及对该托管协议的任何有效修订和补充
 download:
5、托管协议：指基金管理人与基金托管人就本基金签订之《博时量化平衡混合型证券投资基金托管协议》及对该托管协议的任何有效修订和补充
第7行，两者数据不一致，请检查下...
 local:
6、招募说明书或本招募说明书：指《{%productfullname%}招募说明书》及其定期的更新
 download:
6、招募说明书或本招募说明书：指《博时量化平衡混合型证券投资基金招募说明书》及其定期的更新
第8行，两者数据不一致，请检查下...
 local:
7、基金份额发售公告：指《{%productfullname%}基金份额发售公告》
 download:
7、基金份额发售公告：指《博时量化平衡混合型证券投资基金基金份额发售公告》
**********第1段，每一行对比: end**********
**********第2段，每一行对比: start**********
第19行，两者数据不一致，请检查下...
 local:
43、巨额赎回：指本基金单个开放日，基金净赎回申请(赎回申请份额总数加上基金转换中转出申请份额总数后扣除申购申请份额总数及基金转换中转入申请份额总数后的余额)超过上一开放日基金总份额的{%mintredeemscale%} %
 download:
43、巨额赎回：指本基金单个开放日，基金净赎回申请(赎回申请份额总数加上基金转换中转出申请份额总数后扣除申购申请份额总数及基金转换中转入申请份额总数后的余额)超过上一开放日基金总份额的   %
**********第2段，每一行对比: end**********
********************第3章节比对：结束********************
********************第4章节比对：开始********************
**********第1段，每一行对比: start**********
**********第1段，每一行对比: end**********
********************第4章节比对：结束********************
********************第5章节比对：开始********************
Error: 第1段，两者的行数不一致，无法进行对比，请查看...
 local:12
['（一）基金托管人基本情况', '{%trustcompanyinfo%}', '（二）主要人员情况', '{%trustpersoninfo%}', '（三）基金托管业务经营情况', '{%trusttransinfo%}', '（四）基金托管人的内部控制制度', '{%trustcontrollawinfo%}', '（五）基金托管人对基金管理人运作基金进行监督的方法和程序', '根据《基金法》、基金合同、托管协议和有关基金法规的规定，基金托管人对基金的投资范围和投资对象、基金投融资比例、基金投资禁止行为、基金参与银行间债券市场、基金资产净值的计算、基金份额净值计算、应收资金到账、基金费用开支及收入确定、基金收益分配、相关信息披露中登载基金业绩表现数据等进行监督和核查。', '基金托管人发现基金管理人违反《基金法》、基金合同、基金托管协议或有关基金法律法规规定的行为，应及时以书面形式通知基金管理人限期纠正，基金管理人收到通知后应及时核对，并以书面形式对基金托管人发出回函确认。在限期内，基金托管人有权随时对通知事项进行复查，督促基金管理人改正。基金管理人对基金托管人通知的违规事项未能在限期内纠正的，基金托管人应报告中国证监会。', '基金托管人发现基金管理人有重大违规行为，应立即报告中国证监会，同时通知基金管理人限期纠正。']
 download:24
['（一）基金托管人基本情况', '{%trustcompanyinfo%}', '（二）主要人员情况', '{%trustpersoninfo%}', '（三）基金托管业务经营情况', '{%trusttransinfo%}', '（四）基金托管人的内部控制制度', '{%trustcontrollawinfo%}', '（五）基金托管人对基金管理人运作基金进行监督的方法和程序', '根据《基金法》、基金合同、托管协议和有关基金法规的规定，基金托管人对基金的投资范围和投资对象、基金投融资比例、基金投资禁止行为、基金参与银行间债券市场、基金资产净值的计算、基金份额净值计算、应收资金到账、基金费用开支及收入确定、基金收益分配、相关信息披露中登载基金业绩表现数据等进行监督和核查。', '基金托管人发现基金管理人违反《基金法》、基金合同、基金托管协议或有关基金法律法规规定的行为，应及时以书面形式通知基金管理人限期纠正，基金管理人收到通知后应及时核对，并以书面形式对基金托管人发出回函确认。在限期内，基金托管人有权随时对通知事项进行复查，督促基金管理人改正。基金管理人对基金托管人通知的违规事项未能在限期内纠正的，基金托管人应报告中国证监会。', '基金托管人发现基金管理人有重大违规行为，应立即报告中国证监会，同时通知基金管理人限期纠正。', '（一）基金托管人基本情况', '{%trustcompanyinfo%}', '（二）主要人员情况', '{%trustpersoninfo%}', '（三）基金托管业务经营情况', '{%trusttransinfo%}', '（四）基金托管人的内部控制制度', '{%trustcontrollawinfo%}', '（五）基金托管人对基金管理人运作基金进行监督的方法和程序', '根据《基金法》、基金合同、托管协议和有关基金法规的规定，基金托管人对基金的投资范围和投资对象、基金投融资比例、基金投资禁止行为、基金参与银行间债券市场、基金资产净值的计算、基金份额净值计算、应收资金到账、基金费用开支及收入确定、基金收益分配、相关信息披露中登载基金业绩表现数据等进行监督和核查。', '基金托管人发现基金管理人违反《基金法》、基金合同、基金托管协议或有关基金法律法规规定的行为，应及时以书面形式通知基金管理人限期纠正，基金管理人收到通知后应及时核对，并以书面形式对基金托管人发出回函确认。在限期内，基金托管人有权随时对通知事项进行复查，督促基金管理人改正。基金管理人对基金托管人通知的违规事项未能在限期内纠正的，基金托管人应报告中国证监会。', '基金托管人发现基金管理人有重大违规行为，应立即报告中国证监会，同时通知基金管理人限期纠正。']
Error: 第2段，两者的行数不一致，无法进行对比，请查看...
 local:12
['（一）基金托管人基本情况', '{%trustcompanyinfo%}', '（二）主要人员情况', '{%trustpersoninfo%}', '（三）基金托管业务经营情况', '{%trusttransinfo%}', '（四）基金托管人的内部控制制度', '{%trustcontrollawinfo%}', '（五）基金托管人对基金管理人运作基金进行监督的方法和程序', '根据《基金法》、基金合同、托管协议和有关基金法规的规定，基金托管人对基金的投资范围和投资对象、基金投融资比例、基金投资禁止行为、基金参与银行间债券市场、基金资产净值的计算、基金份额净值计算、应收资金到账、基金费用开支及收入确定、基金收益分配、相关信息披露中登载基金业绩表现数据等进行监督和核查。', '基金托管人发现基金管理人违反《基金法》、基金合同、基金托管协议或有关基金法律法规规定的行为，应及时以书面形式通知基金管理人限期纠正，基金管理人收到通知后应及时核对，并以书面形式对基金托管人发出回函确认。在限期内，基金托管人有权随时对通知事项进行复查，督促基金管理人改正。基金管理人对基金托管人通知的违规事项未能在限期内纠正的，基金托管人应报告中国证监会。', '基金托管人发现基金管理人有重大违规行为，应立即报告中国证监会，同时通知基金管理人限期纠正。']
 download:24
['（一）基金托管人基本情况', '{%trustcompanyinfo%}', '（二）主要人员情况', '{%trustpersoninfo%}', '（三）基金托管业务经营情况', '{%trusttransinfo%}', '（四）基金托管人的内部控制制度', '{%trustcontrollawinfo%}', '（五）基金托管人对基金管理人运作基金进行监督的方法和程序', '根据《基金法》、基金合同、托管协议和有关基金法规的规定，基金托管人对基金的投资范围和投资对象、基金投融资比例、基金投资禁止行为、基金参与银行间债券市场、基金资产净值的计算、基金份额净值计算、应收资金到账、基金费用开支及收入确定、基金收益分配、相关信息披露中登载基金业绩表现数据等进行监督和核查。', '基金托管人发现基金管理人违反《基金法》、基金合同、基金托管协议或有关基金法律法规规定的行为，应及时以书面形式通知基金管理人限期纠正，基金管理人收到通知后应及时核对，并以书面形式对基金托管人发出回函确认。在限期内，基金托管人有权随时对通知事项进行复查，督促基金管理人改正。基金管理人对基金托管人通知的违规事项未能在限期内纠正的，基金托管人应报告中国证监会。', '基金托管人发现基金管理人有重大违规行为，应立即报告中国证监会，同时通知基金管理人限期纠正。', '（一）基金托管人基本情况', '{%trustcompanyinfo%}', '（二）主要人员情况', '{%trustpersoninfo%}', '（三）基金托管业务经营情况', '{%trusttransinfo%}', '（四）基金托管人的内部控制制度', '{%trustcontrollawinfo%}', '（五）基金托管人对基金管理人运作基金进行监督的方法和程序', '根据《基金法》、基金合同、托管协议和有关基金法规的规定，基金托管人对基金的投资范围和投资对象、基金投融资比例、基金投资禁止行为、基金参与银行间债券市场、基金资产净值的计算、基金份额净值计算、应收资金到账、基金费用开支及收入确定、基金收益分配、相关信息披露中登载基金业绩表现数据等进行监督和核查。', '基金托管人发现基金管理人违反《基金法》、基金合同、基金托管协议或有关基金法律法规规定的行为，应及时以书面形式通知基金管理人限期纠正，基金管理人收到通知后应及时核对，并以书面形式对基金托管人发出回函确认。在限期内，基金托管人有权随时对通知事项进行复查，督促基金管理人改正。基金管理人对基金托管人通知的违规事项未能在限期内纠正的，基金托管人应报告中国证监会。', '基金托管人发现基金管理人有重大违规行为，应立即报告中国证监会，同时通知基金管理人限期纠正。']
********************第5章节比对：结束********************
********************第6章节比对：开始********************
**********第1段，每一行对比: start**********
第3行，两者数据不一致，请检查下...
 local:
（1）{%managerorgfullname%}北京直销中心
 download:
（1）博时基金管理有限公司北京直销中心
**********第1段，每一行对比: end**********
**********第2段，每一行对比: start**********
**********第2段，每一行对比: end**********
**********第3段，每一行对比: start**********
**********第3段，每一行对比: end**********
********************第6章节比对：结束********************
********************第7章节比对：开始********************
**********第1段，每一行对比: start**********
第2行，两者数据不一致，请检查下...
 local:
基金管理人按照《基金法》、《运作办法》、《销售办法》、基金合同及其他有关规定募集本基金，并于{%approveddate%}经中国证监会{%lotnumber%}予以募集注册。
 download:
基金管理人按照《基金法》、《运作办法》、《销售办法》、基金合同及其他有关规定募集本基金，并于2016年12月08日经中国证监会  予以募集注册。
第3行，两者数据不一致，请检查下...
 local:
本基金募集期自{%raisebegindate%}至{%raiseenddate%}，基金份额共募集262,251,781.89份（含利息结转的份额），有效认购户数为2,866户。
 download:
本基金募集期自  至  ，基金份额共募集262,251,781.89份（含利息结转的份额），有效认购户数为2,866户。
第6行，两者数据不一致，请检查下...
 local:
本基金的基金合同已于{%foundday%}正式生效。
 download:
本基金的基金合同已于2017年05月04日正式生效。
第8行，两者数据不一致，请检查下...
 local:
基金合同生效后，连续二十个工作日出现基金份额持有人数量不满{%minsubnumber%}人或者基金资产净值低于五千万元情形的，基金管理人应当在定期报告中予以披露；连续六十个工作日出现前述情形的，基金管理人应当向中国证监会报告并提出解决方案，如转换运作方式、与其他基金合并或者终止基金合同等，并召开基金份额持有人大会进行表决。
 download:
基金合同生效后，连续二十个工作日出现基金份额持有人数量不满  人或者基金资产净值低于五千万元情形的，基金管理人应当在定期报告中予以披露；连续六十个工作日出现前述情形的，基金管理人应当向中国证监会报告并提出解决方案，如转换运作方式、与其他基金合并或者终止基金合同等，并召开基金份额持有人大会进行表决。
**********第1段，每一行对比: end**********
********************第7章节比对：结束********************
********************第8章节比对：开始********************
**********第1段，每一行对比: start**********
**********第1段，每一行对比: end**********
**********第2段，每一行对比: start**********
**********第2段，每一行对比: end**********
**********第3段，每一行对比: start**********
第3行，两者数据不一致，请检查下...
 local:
若本基金单个开放日内的基金份额净赎回申请(赎回申请份额总数加上基金转换中转出申请份额总数后扣除申购申请份额总数及基金转换中转入申请份额总数后的余额)超过前一开放日的基金总份额的{%mintredeemscale%} %，即认为是发生了巨额赎回。
 download:
若本基金单个开放日内的基金份额净赎回申请(赎回申请份额总数加上基金转换中转出申请份额总数后扣除申购申请份额总数及基金转换中转入申请份额总数后的余额)超过前一开放日的基金总份额的   %，即认为是发生了巨额赎回。
第7行，两者数据不一致，请检查下...
 local:
（2）部分延期赎回：当基金管理人认为支付投资人的赎回申请有困难或认为因支付投资人的赎回申请而进行的财产变现可能会对基金资产净值造成较大波动时，基金管理人在当日接受赎回比例不低于上一开放日基金总份额{%mintredeemscale%} %的前提下，可对其余赎回申请延期办理。对于当日的赎回申请，应当按单个账户赎回申请量占赎回申请总量的比例，确定当日受理的赎回份额；对于未能赎回部分，投资人在提交赎回申请时可以选择延期赎回或取消赎回。选择延期赎回的，将自动转入下一个开放日继续赎回，直到全部赎回为止；选择取消赎回的，当日未获受理的部分赎回申请将被撤销。延期的赎回申请与下一开放日赎回申请一并处理，无优先权并以下一开放日的基金份额净值为基础计算赎回金额，以此类推，直到全部赎回为止。如投资人在提交赎回申请时未作明确选择，投资人未能赎回部分作自动延期赎回处理。
 download:
（2）部分延期赎回：当基金管理人认为支付投资人的赎回申请有困难或认为因支付投资人的赎回申请而进行的财产变现可能会对基金资产净值造成较大波动时，基金管理人在当日接受赎回比例不低于上一开放日基金总份额   %的前提下，可对其余赎回申请延期办理。对于当日的赎回申请，应当按单个账户赎回申请量占赎回申请总量的比例，确定当日受理的赎回份额；对于未能赎回部分，投资人在提交赎回申请时可以选择延期赎回或取消赎回。选择延期赎回的，将自动转入下一个开放日继续赎回，直到全部赎回为止；选择取消赎回的，当日未获受理的部分赎回申请将被撤销。延期的赎回申请与下一开放日赎回申请一并处理，无优先权并以下一开放日的基金份额净值为基础计算赎回金额，以此类推，直到全部赎回为止。如投资人在提交赎回申请时未作明确选择，投资人未能赎回部分作自动延期赎回处理。
第34行，两者数据不一致，请检查下...
 local:
①本基金转换业务适用于可以销售包括{%productfullname%}在内的两只以上（含两只），且基金注册登记机构为同一机构的博时旗下基金的销售机构。
 download:
①本基金转换业务适用于可以销售包括博时量化平衡混合型证券投资基金在内的两只以上（含两只），且基金注册登记机构为同一机构的博时旗下基金的销售机构。
第35行，两者数据不一致，请检查下...
 local:
②转换业务的收费计算公式及举例参见2010年3月16日刊登于本公司网站的《{%managerorgfullname%}关于旗下开放式基金转换业务的公告》。
 download:
②转换业务的收费计算公式及举例参见2010年3月16日刊登于本公司网站的《博时基金管理有限公司关于旗下开放式基金转换业务的公告》。
**********第3段，每一行对比: end**********
********************第8章节比对：结束********************
********************第9章节比对：开始********************
Error: 第1段，两者的行数不一致，无法进行对比，请查看...
 local:6
['一、投资目标', '{%investmenttarget%}', '二、投资范围', '{%investmentrange%}', '三、投资策略', '{%investmentstrategy%}']
 download:5
['一、投资目标', '本基金采用平衡型配置，严格控制最大回撤，基于多个逻辑不同的量化择时策略，最大程度地去过滤下跌，减少回撤，力争获取长期相对稳定的收益。', '二、投资范围', '本基金投资于依法发行或上市的股票（包含中小板、创业板及其他经中国证监会核准上市的股票）、权证、股指期货、债券（国债、金融债、企业债、公司债、次级债、可转换债券（含分离交易可转债）、央行票据、短期融资券、超短期融资券、中期票据等）、资产支持证券、同业存单、债券回购、银行存款、国债期货以及现金，以及法律法规或中国证监会允许基金投资的其他金融工具(但须符合中国证监会的相关规定)。基金的投资组合比例为：股票投资比例为基金资产的0％-40％；权证投资比例为基金资产净值的0-3%；每个交易日日终，在扣除股指期货和国债期货合约需缴纳的交易保证金后，应当保持不低于基金资产净值5%的现金或到期日在一年以内的政府债券。如法律法规或监管机构以后允许基金投资其他品种，基金管理人在履行适当程序后，可以将其纳入投资范围。', '三、投资策略']
**********第2段，每一行对比: start**********
**********第2段，每一行对比: end**********
**********第3段，每一行对比: start**********
**********第3段，每一行对比: end**********
**********第4段，每一行对比: start**********
第4行，两者数据不一致，请检查下...
 local:
本投资组合报告所载数据截至{%financeendday%}，本报告中所列财务数据未经审计。
 download:
本投资组合报告所载数据截至2017年09月30日，本报告中所列财务数据未经审计。
**********第4段，每一行对比: end**********
********************第9章节比对：结束********************
********************第10章节比对：开始********************
**********第1段，每一行对比: start**********
**********第1段，每一行对比: end**********
********************第10章节比对：结束********************
********************第11章节比对：开始********************
**********第1段，每一行对比: start**********
**********第1段，每一行对比: end**********
********************第11章节比对：结束********************
********************第12章节比对：开始********************
**********第1段，每一行对比: start**********
**********第1段，每一行对比: end**********
**********第2段，每一行对比: start**********
第2行，两者数据不一致，请检查下...
 local:
1、基金份额净值是按照每个工作日闭市后，基金资产净值除以当日基金份额的余额数量计算，精确到{%netdecimalvalue%}元，小数点后第5位四舍五入。国家另有规定的，从其规定。
 download:
1、基金份额净值是按照每个工作日闭市后，基金资产净值除以当日基金份额的余额数量计算，精确到  元，小数点后第5位四舍五入。国家另有规定的，从其规定。
第6行，两者数据不一致，请检查下...
 local:
基金管理人和基金托管人将采取必要、适当、合理的措施确保基金资产估值的准确性、及时性。当基金份额净值小数点后{%netdecimal%}位以内(含第{%netdecimal%}位)发生估值错误时，视为基金份额净值错误。
 download:
基金管理人和基金托管人将采取必要、适当、合理的措施确保基金资产估值的准确性、及时性。当基金份额净值小数点后  位以内(含第  位)发生估值错误时，视为基金份额净值错误。
**********第2段，每一行对比: end**********
********************第12章节比对：结束********************
********************第13章节比对：开始********************
**********第1段，每一行对比: start**********
**********第1段，每一行对比: end**********
********************第13章节比对：结束********************
********************第14章节比对：开始********************
**********第1段，每一行对比: start**********
**********第1段，每一行对比: end**********
********************第14章节比对：结束********************
********************第15章节比对：开始********************
**********第1段，每一行对比: start**********
**********第1段，每一行对比: end**********
********************第15章节比对：结束********************
********************第16章节比对：开始********************
**********第1段，每一行对比: start**********
**********第1段，每一行对比: end**********
**********第2段，每一行对比: start**********
**********第2段，每一行对比: end**********
********************第16章节比对：结束********************
********************第17章节比对：开始********************
**********第1段，每一行对比: start**********
**********第1段，每一行对比: end**********
********************第17章节比对：结束********************
********************第18章节比对：开始********************
**********第1段，每一行对比: start**********
**********第1段，每一行对比: end**********
********************第18章节比对：结束********************
********************第19章节比对：开始********************
**********第1段，每一行对比: start**********
**********第1段，每一行对比: end**********
********************第19章节比对：结束********************
********************第20章节比对：开始********************
**********第1段，每一行对比: start**********
**********第1段，每一行对比: end**********
********************第20章节比对：结束********************
********************第21章节比对：开始********************
**********第1段，每一行对比: start**********
**********第1段，每一行对比: end**********
**********第2段，每一行对比: start**********
**********第2段，每一行对比: end**********
********************第21章节比对：结束********************
********************第22章节比对：开始********************
**********第1段，每一行对比: start**********
**********第1段，每一行对比: end**********
********************第22章节比对：结束********************
********************第23章节比对：开始********************
**********第1段，每一行对比: start**********
第1行，两者数据不一致，请检查下...
 local:
(一)、 2017年10月27日，我公司分别在中国证券报、上海证券报、证券时报上公告了《{%productfullname%}2017年第3季度报告》；
 download:
(一)、 2017年10月27日，我公司分别在中国证券报、上海证券报、证券时报上公告了《博时量化平衡混合型证券投资基金2017年第3季度报告》；
第12行，两者数据不一致，请检查下...
 local:
(十二)、 2017年06月05日，我公司分别在中国证券报、上海证券报、证券时报上公告了《{%managerorgfullname%}关于{%productfullname%}参加部分代销机构费率优惠活动的公告》、《关于{%productfullname%}新增大连网金金融信息服务有限公司为代销机构并参加其费率优惠活动的公告》；
 download:
(十二)、 2017年06月05日，我公司分别在中国证券报、上海证券报、证券时报上公告了《博时基金管理有限公司关于博时量化平衡混合型证券投资基金参加部分代销机构费率优惠活动的公告》、《关于博时量化平衡混合型证券投资基金新增大连网金金融信息服务有限公司为代销机构并参加其费率优惠活动的公告》；
第13行，两者数据不一致，请检查下...
 local:
(十三)、 2017年06月02日，我公司分别在中国证券报、上海证券报、证券时报上公告了《{%productfullname%}开放日常申购、赎回业务的公告》、《{%productfullname%}开放日常转换、定期定额投资业务的公告》；
 download:
(十三)、 2017年06月02日，我公司分别在中国证券报、上海证券报、证券时报上公告了《博时量化平衡混合型证券投资基金开放日常申购、赎回业务的公告》、《博时量化平衡混合型证券投资基金开放日常转换、定期定额投资业务的公告》；
第14行，两者数据不一致，请检查下...
 local:
(十四)、 2017年05月05日，我公司分别在中国证券报、上海证券报、证券时报上公告了《{%productfullname%}-基金合同生效公告》；
 download:
(十四)、 2017年05月05日，我公司分别在中国证券报、上海证券报、证券时报上公告了《博时量化平衡混合型证券投资基金-基金合同生效公告》；
**********第1段，每一行对比: end**********
********************第23章节比对：结束********************
********************第24章节比对：开始********************
**********第1段，每一行对比: start**********
**********第1段，每一行对比: end**********
********************第24章节比对：结束********************
==============================第1次对比： 结束==============================
